<?xml version="1.0" encoding="UTF-8"?>
<!-- Generated by org.testng.reporters.JUnitReportReporter -->
<testsuite hostname="DESKTOP-V5UJJLP" failures="0" tests="1" name="practice.base" time="35.361" errors="0" timestamp="2022-07-03T14:22:26 BDT" skipped="0">
  <testcase classname="practice.base" name="gotochaldal" time="35.361"/>
  <system-out/>
</testsuite> <!-- practice.base -->
