<?xml version="1.0" encoding="UTF-8"?>
<!-- Generated by org.testng.reporters.JUnitReportReporter -->
<testsuite hostname="DESKTOP-V5UJJLP" failures="0" tests="1" name="practice.NotepadTest" time="1.320" errors="0" timestamp="2022-07-24T21:02:56 BDT" skipped="0">
  <testcase classname="practice.NotepadTest" name="setup" time="1.320"/>
  <system-out/>
</testsuite> <!-- practice.NotepadTest -->
