<?xml version="1.0" encoding="UTF-8"?>
<!-- Generated by org.testng.reporters.JUnitReportReporter -->
<testsuite hostname="DESKTOP-V5UJJLP" failures="0" tests="1" name="practice.BaseClass" time="7.358" errors="0" timestamp="2022-07-03T15:22:04 BDT" skipped="0">
  <testcase classname="practice.BaseClass" name="openapp_click_opeartion" time="7.358"/>
  <system-out/>
</testsuite> <!-- practice.BaseClass -->
