<?xml version="1.0" encoding="UTF-8"?>
<!-- Generated by org.testng.reporters.JUnitReportReporter -->
<testsuite hostname="DESKTOP-V5UJJLP" failures="0" tests="5" name="practice.CalculatorTest" time="3.887" errors="0" timestamp="2022-07-21T22:30:55 BDT" skipped="0">
  <testcase classname="practice.CalculatorTest" name="Subtraction" time="0.616"/>
  <system-out/>
  <testcase classname="practice.CalculatorTest" name="Multiplication" time="0.573"/>
  <system-out/>
  <testcase classname="practice.CalculatorTest" name="Division" time="0.888"/>
  <system-out/>
  <testcase classname="practice.CalculatorTest" name="Combination" time="1.246"/>
  <system-out/>
  <testcase classname="practice.CalculatorTest" name="Addition" time="0.564"/>
  <system-out/>
</testsuite> <!-- practice.CalculatorTest -->
